2021-12-26T17:30:34.6338898+01:00 [INF] () Migrations applied succesfully!
2021-12-26T18:02:18.4403189+01:00 [INF] () The following migrations has been applied
2021-12-26T18:02:18.5025160+01:00 [INF] () The following migrations is applicable
2021-12-26T18:02:46.1164181+01:00 [INF] () Migrations applied succesfully!
2021-12-26T18:20:02.9739547+01:00 [INF] () The following migrations has been applied:
2021-12-26T18:20:03.0295920+01:00 [INF] () None.
2021-12-26T18:20:03.0365479+01:00 [INF] () The following migrations is applicable
2021-12-26T18:20:03.0374769+01:00 [INF] () None.
2021-12-26T18:23:17.1089308+01:00 [INF] () The following migrations has been applied:
2021-12-26T18:23:17.1641442+01:00 [INF] () None.
2021-12-26T18:23:17.1758889+01:00 [INF] () The following migrations is applicable
2021-12-26T18:23:17.1776961+01:00 [INF] () None.
2021-12-26T18:23:30.0062188+01:00 [INF] () Migrations applied succesfully!
2021-12-26T18:24:37.1378228+01:00 [INF] () The following migrations has been applied:
2021-12-26T18:24:37.1849802+01:00 [INF] () None.
2021-12-26T18:24:37.1933427+01:00 [INF] () The following migrations is applicable
2021-12-26T18:24:37.1944308+01:00 [INF] () TGC.DatabaseMigration.Runner.Migrations.Idempotent.MigrationScript.sql
2021-12-26T18:24:37.1952699+01:00 [INF] () TGC.DatabaseMigration.Runner.Migrations.Migration2.sql
2021-12-26T18:24:37.1961351+01:00 [INF] () TGC.DatabaseMigration.Runner.Migrations.R2022._01._0.Migration1.sql
2021-12-26T18:33:47.8719381+01:00 [INF] () The following migrations has been applied:
2021-12-26T18:33:47.9309950+01:00 [INF] () None.
2021-12-26T18:33:47.9424214+01:00 [INF] () The following migrations is applicable
2021-12-26T18:33:47.9436092+01:00 [INF] () TGC.DatabaseMigration.Runner.Migrations.Migration2.sql
2021-12-26T18:33:47.9448537+01:00 [INF] () TGC.DatabaseMigration.Runner.Migrations.R2022._01._0.Migration1.sql
2021-12-26T18:55:00.5887796+01:00 [INF] () The following migrations has been applied:
2021-12-26T18:55:00.6347130+01:00 [INF] () None.
2021-12-26T18:55:00.6410110+01:00 [INF] () The following migrations is applicable
2021-12-26T18:55:00.6419056+01:00 [INF] () None.
2021-12-26T18:55:09.2369191+01:00 [INF] () No relevant migrations was found.
2021-12-26T18:55:17.5101482+01:00 [INF] () The following migrations has been applied:
2021-12-26T18:55:17.5806698+01:00 [INF] () None.
2021-12-26T18:55:17.5878033+01:00 [INF] () The following migrations is applicable
2021-12-26T18:55:17.5888822+01:00 [INF] () None.
2021-12-26T18:55:38.7646903+01:00 [INF] () The following migrations has been applied:
2021-12-26T18:55:38.8294462+01:00 [INF] () None.
